[33mcommit 686c977d5eb7c3b9a6a175835cae20ff0d735456[m[33m ([m[1;36mHEAD -> [m[1;32mmaster[m[33m)[m
Author: github Enoki1020 <enoki_1020@yahoo.co.jp>
Date:   Thu Nov 14 20:58:50 2019 +0900

    git statusã‚³ãƒãƒ³ãƒ‰ã®è¿½è¨˜

[1mdiff --git a/first.txt b/first.txt[m
[1mindex 54b93b4..96e96cb 100644[m
[1m--- a/first.txt[m
[1m+++ b/first.txt[m
[36m@@ -2,4 +2,5 @@[m [mGitã®ç·´ç¿’[m
 åŸºæœ¬çš„ãªãƒ¯ãƒ¼ã‚¯ãƒ•ãƒ­ãƒ¼ã‚’å­¦ã³ã¾ã™[m
 ãƒ»git add[m
 ãƒ»git commit[m
[31m-ãƒ»git rm[m
\ No newline at end of file[m
[32m+[m[32mãƒ»git rm[m
[32m+[m[32mãƒ»git status[m

[33mcommit ceec6b2cde35a58446016744a31d7799ede8782b[m
Author: github Enoki1020 <enoki_1020@yahoo.co.jp>
Date:   Thu Nov 14 20:55:17 2019 +0900

    è¤‡æ•°ãƒ•ã‚¡ã‚¤ãƒ«ã®ã‚³ãƒŸãƒƒãƒˆ

[1mdiff --git a/first.txt b/first.txt[m
[1mindex 5221be8..54b93b4 100644[m
[1m--- a/first.txt[m
[1m+++ b/first.txt[m
[36m@@ -1,4 +1,5 @@[m
 Gitã®ç·´ç¿’[m
 åŸºæœ¬çš„ãªãƒ¯ãƒ¼ã‚¯ãƒ•ãƒ­ãƒ¼ã‚’å­¦ã³ã¾ã™[m
 ãƒ»git add[m
[31m-ãƒ»git commit[m
\ No newline at end of file[m
[32m+[m[32mãƒ»git commit[m
[32m+[m[32mãƒ»git rm[m
\ No newline at end of file[m

[33mcommit 5c4cfafd6142e4151fb4ce7ecdc01fa6395c228a[m
Author: github Enoki1020 <enoki_1020@yahoo.co.jp>
Date:   Thu Nov 14 20:46:36 2019 +0900

    add, commitã®ã‚³ãƒãƒ³ãƒ‰ã‚’è¿½è¨˜
    
    è¬›åº§3ï¼4ã®å—è¬›ã®ãŸã‚

[1mdiff --git a/first.txt b/first.txt[m
[1mindex 001abca..5221be8 100644[m
[1m--- a/first.txt[m
[1m+++ b/first.txt[m
[36m@@ -1,2 +1,4 @@[m
 Gitã®ç·´ç¿’[m
[31m-åŸºæœ¬çš„ãªãƒ¯ãƒ¼ã‚¯ãƒ•ãƒ­ãƒ¼ã‚’å­¦ã³ã¾ã™[m
\ No newline at end of file[m
[32m+[m[32måŸºæœ¬çš„ãªãƒ¯ãƒ¼ã‚¯ãƒ•ãƒ­ãƒ¼ã‚’å­¦ã³ã¾ã™[m
[32m+[m[32mãƒ»git add[m
[32m+[m[32mãƒ»git commit[m
\ No newline at end of file[m

[33mcommit 1d682631080b19aa1ccd898e8bb2db6f09d84d03[m[33m ([m[1;31morigin/master[m[33m)[m
Author: github Enoki1020 <enoki_1020@yahoo.co.jp>
Date:   Thu Nov 14 20:32:38 2019 +0900

    initial commit

[1mdiff --git a/first.txt b/first.txt[m
[1mnew file mode 100644[m
[1mindex 0000000..001abca[m
[1m--- /dev/null[m
[1m+++ b/first.txt[m
[36m@@ -0,0 +1,2 @@[m
[32m+[m[32mGitã®ç·´ç¿’[m
[32m+[m[32måŸºæœ¬çš„ãªãƒ¯ãƒ¼ã‚¯ãƒ•ãƒ­ãƒ¼ã‚’å­¦ã³ã¾ã™[m
\ No newline at end of file[m
